Base path: /Applications/Unity/Unity.app/Contents
Pipe name: \\.\pipe\UnityShaderCompiler-64bit-1-2009711360
Cmd: getPlatforms
Cmd: preprocess
  insize=535 outsize=535 ok=1
Cmd: preprocess
  insize=2158 outsize=953 ok=1
Cmd: compileSnippet
  api=0 type=0 insize=1507 outsize=509 kw=SOFTPARTICLES_OFF ok=1
Cmd: compileSnippet
  api=0 type=1 insize=1507 outsize=6 kw=SOFTPARTICLES_OFF ok=1
Cmd: preprocess
  insize=121056 outsize=121056 ok=1
Cmd: preprocess
  insize=2402 outsize=1070 ok=1
Cmd: compileSnippet
  api=0 type=0 insize=1634 outsize=668 kw=SOFTPARTICLES_OFF ok=1
Cmd: compileSnippet
  api=0 type=1 insize=1634 outsize=6 kw=SOFTPARTICLES_OFF ok=1
Cmd: preprocess
  insize=2944 outsize=1654 ok=1
Cmd: compileSnippet
  api=0 type=0 insize=953 outsize=502 kw= ok=1
Cmd: compileSnippet
  api=0 type=1 insize=953 outsize=6 kw= ok=1
Cmd: compileSnippet
  api=0 type=0 insize=951 outsize=500 kw= ok=1
Cmd: compileSnippet
  api=0 type=1 insize=951 outsize=6 kw= ok=1
Cmd: compileSnippet
  api=0 type=0 insize=951 outsize=500 kw= ok=1
Cmd: compileSnippet
  api=0 type=1 insize=951 outsize=6 kw= ok=1
Cmd: compileSnippet
  api=0 type=0 insize=953 outsize=502 kw= ok=1
Cmd: compileSnippet
  api=0 type=1 insize=953 outsize=6 kw= ok=1
Cmd: compileSnippet
  api=0 type=0 insize=947 outsize=496 kw= ok=1
Cmd: compileSnippet
  api=0 type=1 insize=947 outsize=6 kw= ok=1
Cmd: compileSnippet
  api=0 type=0 insize=951 outsize=500 kw= ok=1
Cmd: compileSnippet
  api=0 type=1 insize=951 outsize=6 kw= ok=1
Cmd: preprocess
  insize=777 outsize=1836 ok=1
Cmd: compileSnippet
  api=0 type=0 insize=6880 outsize=2359 kw=DIRECTIONAL SHADOWS_OFF LIGHTMAP_OFF DIRLIGHTMAP_OFF DYNAMICLIGHTMAP_OFF ok=1
Cmd: compileSnippet
  api=0 type=1 insize=6880 outsize=6 kw=DIRECTIONAL SHADOWS_OFF LIGHTMAP_OFF DIRLIGHTMAP_OFF DYNAMICLIGHTMAP_OFF ok=1
Cmd: compileSnippet
  api=0 type=0 insize=3704 outsize=1879 kw=POINT ok=1
Cmd: compileSnippet
  api=0 type=1 insize=3704 outsize=6 kw=POINT ok=1
Cmd: compileSnippet
  api=0 type=0 insize=3070 outsize=1332 kw= ok=1
Cmd: compileSnippet
  api=0 type=1 insize=3070 outsize=6 kw= ok=1
Cmd: compileSnippet
  api=0 type=0 insize=5919 outsize=2747 kw=LIGHTMAP_OFF DIRLIGHTMAP_OFF DYNAMICLIGHTMAP_OFF HDR_LIGHT_PREPASS_OFF ok=1
Cmd: compileSnippet
  api=0 type=1 insize=5919 outsize=6 kw=LIGHTMAP_OFF DIRLIGHTMAP_OFF DYNAMICLIGHTMAP_OFF HDR_LIGHT_PREPASS_OFF ok=1
Cmd: compileSnippet
  api=0 type=0 insize=5989 outsize=2668 kw=LIGHTMAP_OFF DIRLIGHTMAP_OFF DYNAMICLIGHTMAP_OFF HDR_LIGHT_PREPASS_OFF ok=1
Cmd: compileSnippet
  api=0 type=1 insize=5989 outsize=6 kw=LIGHTMAP_OFF DIRLIGHTMAP_OFF DYNAMICLIGHTMAP_OFF HDR_LIGHT_PREPASS_OFF ok=1
Cmd: compileSnippet
  api=0 type=0 insize=3093 outsize=2488 kw= ok=1
Cmd: compileSnippet
  api=0 type=1 insize=3093 outsize=6 kw= ok=1
Cmd: preprocess
  insize=2382 outsize=2382 ok=1
Cmd: preprocess
  insize=41087 outsize=41087 ok=1
Cmd: preprocess
  insize=52417 outsize=52417 ok=1
Cmd: preprocess
  insize=1167 outsize=603 ok=1
Cmd: compileSnippet
  api=0 type=0 insize=865 outsize=523 kw= ok=1
Cmd: compileSnippet
  api=0 type=1 insize=865 outsize=6 kw= ok=1
Cmd: preprocess
  insize=41132 outsize=41132 ok=1
Cmd: preprocess
  insize=4189 outsize=3135 ok=1
Cmd: compileSnippet
  api=0 type=0 insize=829 outsize=966 kw=SHADOWS_DEPTH ok=1
Cmd: compileSnippet
  api=0 type=1 insize=829 outsize=6 kw=SHADOWS_DEPTH ok=1
Cmd: preprocess
  insize=2242 outsize=996 ok=1
Cmd: compileSnippet
  api=0 type=0 insize=1548 outsize=580 kw=SOFTPARTICLES_OFF ok=1
Cmd: compileSnippet
  api=0 type=1 insize=1548 outsize=6 kw=SOFTPARTICLES_OFF ok=1
Cmd: preprocess
  insize=69658 outsize=69658 ok=1
Cmd: preprocess
  insize=2351 outsize=1110 ok=1
Cmd: compileSnippet
  api=0 type=0 insize=1543 outsize=541 kw=SOFTPARTICLES_OFF ok=1
Cmd: compileSnippet
  api=0 type=1 insize=1543 outsize=6 kw=SOFTPARTICLES_OFF ok=1
Cmd: preprocess
  insize=53633 outsize=53633 ok=1
Cmd: preprocess
  insize=4133 outsize=3078 ok=1
Cmd: compileSnippet
  api=0 type=0 insize=829 outsize=966 kw=SHADOWS_DEPTH ok=1
Cmd: compileSnippet
  api=0 type=1 insize=829 outsize=6 kw=SHADOWS_DEPTH ok=1
Cmd: preprocess
  insize=2272 outsize=1055 ok=1
Cmd: compileSnippet
  api=0 type=0 insize=1518 outsize=541 kw=SOFTPARTICLES_OFF ok=1
Cmd: compileSnippet
  api=0 type=1 insize=1518 outsize=6 kw=SOFTPARTICLES_OFF ok=1
Cmd: preprocess
  insize=2253 outsize=1040 ok=1
Cmd: compileSnippet
  api=0 type=0 insize=1515 outsize=541 kw=SOFTPARTICLES_OFF ok=1
Cmd: compileSnippet
  api=0 type=1 insize=1515 outsize=6 kw=SOFTPARTICLES_OFF ok=1
Cmd: preprocess
  insize=97979 outsize=97979 ok=1
Cmd: preprocess
  insize=2451 outsize=1111 ok=1
Cmd: compileSnippet
  api=0 type=0 insize=1641 outsize=701 kw=SOFTPARTICLES_OFF ok=1
Cmd: compileSnippet
  api=0 type=1 insize=1641 outsize=6 kw=SOFTPARTICLES_OFF ok=1
Cmd: preprocess
  insize=1832 outsize=641 ok=1
Cmd: compileSnippet
  api=0 type=0 insize=1493 outsize=493 kw=SOFTPARTICLES_OFF ok=1
Cmd: compileSnippet
  api=0 type=1 insize=1493 outsize=6 kw=SOFTPARTICLES_OFF ok=1
Cmd: preprocess
  insize=471 outsize=259 ok=1
Cmd: compileSnippet
  api=0 type=0 insize=509 outsize=419 kw= ok=1
Cmd: compileSnippet
  api=0 type=1 insize=509 outsize=6 kw= ok=1
Cmd: preprocess
  insize=2268 outsize=1033 ok=1
Cmd: compileSnippet
  api=0 type=0 insize=1537 outsize=541 kw=SOFTPARTICLES_OFF ok=1
Cmd: compileSnippet
  api=0 type=1 insize=1537 outsize=6 kw=SOFTPARTICLES_OFF ok=1
Cmd: preprocess
  insize=77837 outsize=77837 ok=1
Cmd: preprocess
  insize=94005 outsize=94005 ok=1
Cmd: preprocess
  insize=70229 outsize=70229 ok=1
Cmd: preprocess
  insize=3747 outsize=3159 ok=1
Cmd: compileSnippet
  api=0 type=0 insize=574 outsize=610 kw=SHADOWS_DEPTH ok=1
Cmd: compileSnippet
  api=0 type=1 insize=574 outsize=6 kw=SHADOWS_DEPTH ok=1
Cmd: preprocess
  insize=77418 outsize=77418 ok=1
Cmd: preprocess
  insize=2213 outsize=973 ok=1
Cmd: compileSnippet
  api=0 type=0 insize=1542 outsize=615 kw=SOFTPARTICLES_OFF ok=1
Cmd: compileSnippet
  api=0 type=1 insize=1542 outsize=6 kw=SOFTPARTICLES_OFF ok=1
Cmd: preprocess
  insize=2253 outsize=1040 ok=1
Cmd: compileSnippet
  api=0 type=0 insize=797 outsize=2249 kw=SHADOWS_DEPTH ok=1
Cmd: compileSnippet
  api=0 type=1 insize=797 outsize=6 kw=SHADOWS_DEPTH ok=1
Cmd: compileSnippet
  api=0 type=0 insize=6862 outsize=2359 kw=DIRECTIONAL SHADOWS_OFF LIGHTMAP_OFF DIRLIGHTMAP_OFF DYNAMICLIGHTMAP_OFF ok=1
Cmd: compileSnippet
  api=0 type=1 insize=6862 outsize=6 kw=DIRECTIONAL SHADOWS_OFF LIGHTMAP_OFF DIRLIGHTMAP_OFF DYNAMICLIGHTMAP_OFF ok=1
Cmd: compileSnippet
  api=0 type=0 insize=3686 outsize=1548 kw=DIRECTIONAL ok=1
Cmd: compileSnippet
  api=0 type=1 insize=3686 outsize=6 kw=DIRECTIONAL ok=1
Cmd: compileSnippet
  api=0 type=0 insize=541 outsize=1893 kw=SHADOWS_DEPTH ok=1
Cmd: compileSnippet
  api=0 type=1 insize=541 outsize=6 kw=SHADOWS_DEPTH ok=1
Cmd: compileSnippet
  api=0 type=0 insize=6810 outsize=2300 kw=DIRECTIONAL SHADOWS_OFF LIGHTMAP_OFF DIRLIGHTMAP_OFF DYNAMICLIGHTMAP_OFF ok=1
Cmd: compileSnippet
  api=0 type=1 insize=6810 outsize=6 kw=DIRECTIONAL SHADOWS_OFF LIGHTMAP_OFF DIRLIGHTMAP_OFF DYNAMICLIGHTMAP_OFF ok=1
Cmd: compileSnippet
  api=0 type=0 insize=3647 outsize=1489 kw=DIRECTIONAL ok=1
Cmd: compileSnippet
  api=0 type=1 insize=3647 outsize=6 kw=DIRECTIONAL ok=1
Cmd: compileSnippet
  api=0 type=0 insize=1333 outsize=1134 kw= ok=1
Cmd: compileSnippet
  api=0 type=1 insize=1333 outsize=6 kw= ok=1
Cmd: compileSnippet
  api=0 type=0 insize=1329 outsize=1129 kw= ok=1
Cmd: compileSnippet
  api=0 type=1 insize=1329 outsize=6 kw= ok=1
Cmd: compileSnippet
  api=0 type=0 insize=1329 outsize=1129 kw= ok=1
Cmd: compileSnippet
  api=0 type=1 insize=1329 outsize=6 kw= ok=1
Cmd: compileSnippet
  api=0 type=0 insize=1333 outsize=1134 kw= ok=1
Cmd: compileSnippet
  api=0 type=1 insize=1333 outsize=6 kw= ok=1
Cmd: compileSnippet
  api=0 type=0 insize=1321 outsize=1119 kw= ok=1
Cmd: compileSnippet
  api=0 type=1 insize=1321 outsize=6 kw= ok=1
Cmd: compileSnippet
  api=0 type=0 insize=1331 outsize=1129 kw= ok=1
Cmd: compileSnippet
  api=0 type=1 insize=1331 outsize=6 kw= ok=1
Cmd: compileSnippet
  api=0 type=0 insize=959 outsize=407 kw= ok=1
Cmd: compileSnippet
  api=0 type=1 insize=959 outsize=6 kw= ok=1
Cmd: compileSnippet
  api=0 type=0 insize=751 outsize=1893 kw=SHADOWS_DEPTH ok=1
Cmd: compileSnippet
  api=0 type=1 insize=751 outsize=6 kw=SHADOWS_DEPTH ok=1
Cmd: compileSnippet
  api=0 type=0 insize=982 outsize=9902 kw=DIRECTIONAL SHADOWS_OFF LIGHTMAP_OFF DIRLIGHTMAP_OFF DYNAMICLIGHTMAP_OFF ok=1
Cmd: compileSnippet
  api=0 type=1 insize=982 outsize=6 kw=DIRECTIONAL SHADOWS_OFF LIGHTMAP_OFF DIRLIGHTMAP_OFF DYNAMICLIGHTMAP_OFF ok=1
Cmd: compileSnippet
  api=0 type=0 insize=938 outsize=5705 kw=DIRECTIONAL SHADOWS_OFF ok=1
Cmd: compileSnippet
  api=0 type=1 insize=938 outsize=6 kw=DIRECTIONAL SHADOWS_OFF ok=1
Cmd: compileSnippet
  api=0 type=0 insize=9591 outsize=6498 kw=UNITY_COLORSPACE_GAMMA ok=1
Cmd: compileSnippet
  api=0 type=1 insize=9591 outsize=6 kw=UNITY_COLORSPACE_GAMMA ok=1
Cmd: compileSnippet
  api=0 type=0 insize=6862 outsize=2750 kw=DIRECTIONAL SHADOWS_OFF LIGHTMAP_OFF DIRLIGHTMAP_OFF DYNAMICLIGHTMAP_OFF FOG_EXP2 ok=1
Cmd: compileSnippet
  api=0 type=1 insize=6862 outsize=6 kw=DIRECTIONAL SHADOWS_OFF LIGHTMAP_OFF DIRLIGHTMAP_OFF DYNAMICLIGHTMAP_OFF FOG_EXP2 ok=1
